<?xml version="1.0" encoding="UTF-8"?>
<testsuite xmlns:xsi="http://www.w3.org/2001/XMLSchema-instance" xsi:noNamespaceSchemaLocation="https://maven.apache.org/surefire/maven-surefire-plugin/xsd/surefire-test-report.xsd" name="TestSuite" time="13.866" tests="32" errors="0" skipped="0" failures="0">
  <properties>
    <property name="sun.desktop" value="windows"/>
    <property name="awt.toolkit" value="sun.awt.windows.WToolkit"/>
    <property name="file.encoding.pkg" value="sun.io"/>
    <property name="java.specification.version" value="1.8"/>
    <property name="sun.cpu.isalist" value="amd64"/>
    <property name="sun.jnu.encoding" value="Cp1252"/>
    <property name="java.class.path" value="C:\Users\dgunas0\Downloads\Paint-20180217T183038Z-001\Paint\target\test-classes;C:\Users\dgunas0\Downloads\Paint-20180217T183038Z-001\Paint\target\classes;C:\Users\dgunas0\.m2\repository\org\testng\testng\6.13.1\testng-6.13.1.jar;C:\Users\dgunas0\.m2\repository\com\beust\jcommander\1.72\jcommander-1.72.jar;C:\Users\dgunas0\.m2\repository\org\seleniumhq\selenium\selenium-java\3.8.1\selenium-java-3.8.1.jar;C:\Users\dgunas0\.m2\repository\org\seleniumhq\selenium\selenium-api\3.8.1\selenium-api-3.8.1.jar;C:\Users\dgunas0\.m2\repository\org\seleniumhq\selenium\selenium-chrome-driver\3.8.1\selenium-chrome-driver-3.8.1.jar;C:\Users\dgunas0\.m2\repository\org\seleniumhq\selenium\selenium-edge-driver\3.8.1\selenium-edge-driver-3.8.1.jar;C:\Users\dgunas0\.m2\repository\org\seleniumhq\selenium\selenium-firefox-driver\3.8.1\selenium-firefox-driver-3.8.1.jar;C:\Users\dgunas0\.m2\repository\org\seleniumhq\selenium\selenium-ie-driver\3.8.1\selenium-ie-driver-3.8.1.jar;C:\Users\dgunas0\.m2\repository\org\seleniumhq\selenium\selenium-opera-driver\3.8.1\selenium-opera-driver-3.8.1.jar;C:\Users\dgunas0\.m2\repository\org\seleniumhq\selenium\selenium-remote-driver\3.8.1\selenium-remote-driver-3.8.1.jar;C:\Users\dgunas0\.m2\repository\org\seleniumhq\selenium\selenium-safari-driver\3.8.1\selenium-safari-driver-3.8.1.jar;C:\Users\dgunas0\.m2\repository\org\seleniumhq\selenium\selenium-support\3.8.1\selenium-support-3.8.1.jar;C:\Users\dgunas0\.m2\repository\net\bytebuddy\byte-buddy\1.7.5\byte-buddy-1.7.5.jar;C:\Users\dgunas0\.m2\repository\org\apache\commons\commons-exec\1.3\commons-exec-1.3.jar;C:\Users\dgunas0\.m2\repository\commons-codec\commons-codec\1.10\commons-codec-1.10.jar;C:\Users\dgunas0\.m2\repository\commons-logging\commons-logging\1.2\commons-logging-1.2.jar;C:\Users\dgunas0\.m2\repository\com\google\code\gson\gson\2.8.2\gson-2.8.2.jar;C:\Users\dgunas0\.m2\repository\com\google\guava\guava\23.0\guava-23.0.jar;C:\Users\dgunas0\.m2\repository\com\google\code\findbugs\jsr305\1.3.9\jsr305-1.3.9.jar;C:\Users\dgunas0\.m2\repository\com\google\errorprone\error_prone_annotations\2.0.18\error_prone_annotations-2.0.18.jar;C:\Users\dgunas0\.m2\repository\com\google\j2objc\j2objc-annotations\1.1\j2objc-annotations-1.1.jar;C:\Users\dgunas0\.m2\repository\org\codehaus\mojo\animal-sniffer-annotations\1.14\animal-sniffer-annotations-1.14.jar;C:\Users\dgunas0\.m2\repository\org\apache\httpcomponents\httpclient\4.5.3\httpclient-4.5.3.jar;C:\Users\dgunas0\.m2\repository\org\apache\httpcomponents\httpcore\4.4.6\httpcore-4.4.6.jar;C:\Users\dgunas0\.m2\repository\log4j\log4j\1.2.17\log4j-1.2.17.jar;C:\Users\dgunas0\.m2\repository\org\apache\maven\surefire\surefire-testng-utils\2.20.1\surefire-testng-utils-2.20.1.jar;C:\Users\dgunas0\.m2\repository\org\apache\maven\surefire\surefire-grouper\2.20.1\surefire-grouper-2.20.1.jar;"/>
    <property name="java.vm.vendor" value="Oracle Corporation"/>
    <property name="sun.arch.data.model" value="64"/>
    <property name="user.variant" value=""/>
    <property name="java.vendor.url" value="http://java.oracle.com/"/>
    <property name="user.timezone" value=""/>
    <property name="java.vm.specification.version" value="1.8"/>
    <property name="os.name" value="Windows 7"/>
    <property name="user.country" value="US"/>
    <property name="sun.java.launcher" value="SUN_STANDARD"/>
    <property name="sun.boot.library.path" value="C:\Program Files\Java\jdk1.8.0_151\jre\bin"/>
    <property name="sun.java.command" value="C:\Users\dgunas0\AppData\Local\Temp\surefire4564574576880631264\surefirebooter7220859299939160792.jar C:\Users\dgunas0\AppData\Local\Temp\surefire4564574576880631264 2018-02-17T13-08-23_752-jvmRun1 surefire2440673598465053301tmp surefire_05033140984656647537tmp"/>
    <property name="surefire.test.class.path" value="C:\Users\dgunas0\Downloads\Paint-20180217T183038Z-001\Paint\target\test-classes;C:\Users\dgunas0\Downloads\Paint-20180217T183038Z-001\Paint\target\classes;C:\Users\dgunas0\.m2\repository\org\testng\testng\6.13.1\testng-6.13.1.jar;C:\Users\dgunas0\.m2\repository\com\beust\jcommander\1.72\jcommander-1.72.jar;C:\Users\dgunas0\.m2\repository\org\seleniumhq\selenium\selenium-java\3.8.1\selenium-java-3.8.1.jar;C:\Users\dgunas0\.m2\repository\org\seleniumhq\selenium\selenium-api\3.8.1\selenium-api-3.8.1.jar;C:\Users\dgunas0\.m2\repository\org\seleniumhq\selenium\selenium-chrome-driver\3.8.1\selenium-chrome-driver-3.8.1.jar;C:\Users\dgunas0\.m2\repository\org\seleniumhq\selenium\selenium-edge-driver\3.8.1\selenium-edge-driver-3.8.1.jar;C:\Users\dgunas0\.m2\repository\org\seleniumhq\selenium\selenium-firefox-driver\3.8.1\selenium-firefox-driver-3.8.1.jar;C:\Users\dgunas0\.m2\repository\org\seleniumhq\selenium\selenium-ie-driver\3.8.1\selenium-ie-driver-3.8.1.jar;C:\Users\dgunas0\.m2\repository\org\seleniumhq\selenium\selenium-opera-driver\3.8.1\selenium-opera-driver-3.8.1.jar;C:\Users\dgunas0\.m2\repository\org\seleniumhq\selenium\selenium-remote-driver\3.8.1\selenium-remote-driver-3.8.1.jar;C:\Users\dgunas0\.m2\repository\org\seleniumhq\selenium\selenium-safari-driver\3.8.1\selenium-safari-driver-3.8.1.jar;C:\Users\dgunas0\.m2\repository\org\seleniumhq\selenium\selenium-support\3.8.1\selenium-support-3.8.1.jar;C:\Users\dgunas0\.m2\repository\net\bytebuddy\byte-buddy\1.7.5\byte-buddy-1.7.5.jar;C:\Users\dgunas0\.m2\repository\org\apache\commons\commons-exec\1.3\commons-exec-1.3.jar;C:\Users\dgunas0\.m2\repository\commons-codec\commons-codec\1.10\commons-codec-1.10.jar;C:\Users\dgunas0\.m2\repository\commons-logging\commons-logging\1.2\commons-logging-1.2.jar;C:\Users\dgunas0\.m2\repository\com\google\code\gson\gson\2.8.2\gson-2.8.2.jar;C:\Users\dgunas0\.m2\repository\com\google\guava\guava\23.0\guava-23.0.jar;C:\Users\dgunas0\.m2\repository\com\google\code\findbugs\jsr305\1.3.9\jsr305-1.3.9.jar;C:\Users\dgunas0\.m2\repository\com\google\errorprone\error_prone_annotations\2.0.18\error_prone_annotations-2.0.18.jar;C:\Users\dgunas0\.m2\repository\com\google\j2objc\j2objc-annotations\1.1\j2objc-annotations-1.1.jar;C:\Users\dgunas0\.m2\repository\org\codehaus\mojo\animal-sniffer-annotations\1.14\animal-sniffer-annotations-1.14.jar;C:\Users\dgunas0\.m2\repository\org\apache\httpcomponents\httpclient\4.5.3\httpclient-4.5.3.jar;C:\Users\dgunas0\.m2\repository\org\apache\httpcomponents\httpcore\4.4.6\httpcore-4.4.6.jar;C:\Users\dgunas0\.m2\repository\log4j\log4j\1.2.17\log4j-1.2.17.jar;C:\Users\dgunas0\.m2\repository\org\apache\maven\surefire\surefire-testng-utils\2.20.1\surefire-testng-utils-2.20.1.jar;C:\Users\dgunas0\.m2\repository\org\apache\maven\surefire\surefire-grouper\2.20.1\surefire-grouper-2.20.1.jar;"/>
    <property name="sun.cpu.endian" value="little"/>
    <property name="user.home" value="C:\Users\dgunas0"/>
    <property name="user.language" value="en"/>
    <property name="java.specification.vendor" value="Oracle Corporation"/>
    <property name="java.home" value="C:\Program Files\Java\jdk1.8.0_151\jre"/>
    <property name="basedir" value="C:\Users\dgunas0\Downloads\Paint-20180217T183038Z-001\Paint"/>
    <property name="file.separator" value="\"/>
    <property name="line.separator" value="&#10;"/>
    <property name="java.vm.specification.vendor" value="Oracle Corporation"/>
    <property name="java.specification.name" value="Java Platform API Specification"/>
    <property name="java.awt.graphicsenv" value="sun.awt.Win32GraphicsEnvironment"/>
    <property name="surefire.real.class.path" value="C:\Users\dgunas0\AppData\Local\Temp\surefire4564574576880631264\surefirebooter7220859299939160792.jar"/>
    <property name="sun.boot.class.path" value="C:\Program Files\Java\jdk1.8.0_151\jre\lib\resources.jar;C:\Program Files\Java\jdk1.8.0_151\jre\lib\rt.jar;C:\Program Files\Java\jdk1.8.0_151\jre\lib\sunrsasign.jar;C:\Program Files\Java\jdk1.8.0_151\jre\lib\jsse.jar;C:\Program Files\Java\jdk1.8.0_151\jre\lib\jce.jar;C:\Program Files\Java\jdk1.8.0_151\jre\lib\charsets.jar;C:\Program Files\Java\jdk1.8.0_151\jre\lib\jfr.jar;C:\Program Files\Java\jdk1.8.0_151\jre\classes"/>
    <property name="user.script" value=""/>
    <property name="sun.management.compiler" value="HotSpot 64-Bit Tiered Compilers"/>
    <property name="java.runtime.version" value="1.8.0_151-b12"/>
    <property name="user.name" value="dgunas0"/>
    <property name="path.separator" value=";"/>
    <property name="os.version" value="6.1"/>
    <property name="java.endorsed.dirs" value="C:\Program Files\Java\jdk1.8.0_151\jre\lib\endorsed"/>
    <property name="java.runtime.name" value="Java(TM) SE Runtime Environment"/>
    <property name="file.encoding" value="Cp1252"/>
    <property name="java.vm.name" value="Java HotSpot(TM) 64-Bit Server VM"/>
    <property name="localRepository" value="C:\Users\dgunas0\.m2\repository"/>
    <property name="java.vendor.url.bug" value="http://bugreport.sun.com/bugreport/"/>
    <property name="java.io.tmpdir" value="C:\Users\dgunas0\AppData\Local\Temp\"/>
    <property name="java.version" value="1.8.0_151"/>
    <property name="user.dir" value="C:\Users\dgunas0\Downloads\Paint-20180217T183038Z-001\Paint"/>
    <property name="os.arch" value="amd64"/>
    <property name="java.vm.specification.name" value="Java Virtual Machine Specification"/>
    <property name="java.awt.printerjob" value="sun.awt.windows.WPrinterJob"/>
    <property name="sun.os.patch.level" value="Service Pack 1"/>
    <property name="java.library.path" value="C:\Program Files\Java\jdk1.8.0_151\jre\bin;C:\Windows\Sun\Java\bin;C:\Windows\system32;C:\Windows;C:/Program Files/Java/jre1.8.0_161/bin/server;C:/Program Files/Java/jre1.8.0_161/bin;C:/Program Files/Java/jre1.8.0_161/lib/amd64;C:\ProgramData\Oracle\Java\javapath;C:\Windows\system32;C:\Windows;C:\Windows\System32\Wbem;C:\Windows\System32\WindowsPowerShell\v1.0\;C:\Program Files\CREDANT\Shield v7.1\;C:\Program Files (x86)\Symantec\VIP Access Client\;C:\Program Files\TortoiseSVN\bin;C:\Program Files\Git\cmd;C:\Program Files (x86)\Skype\Phone\;C:\Dev_Tools\apache-maven-3.0.5\bin;C:\Program Files\Java\jdk1.8.0_11\bin;C:\Users\dgunas0\AppData\Local\Programs\Python\Python36-32\Scripts\;C:\Users\dgunas0\AppData\Local\Programs\Python\Python36-32\;C:\Users\dgunas0\AppData\Local\Programs\Fiddler;C:\Program Files\Java\jdk1.8.0_11\bin;C:\Windows\system32;;."/>
    <property name="java.vm.info" value="mixed mode"/>
    <property name="java.vendor" value="Oracle Corporation"/>
    <property name="java.vm.version" value="25.151-b12"/>
    <property name="java.ext.dirs" value="C:\Program Files\Java\jdk1.8.0_151\jre\lib\ext;C:\Windows\Sun\Java\lib\ext"/>
    <property name="sun.io.unicode.encoding" value="UnicodeLittle"/>
    <property name="java.class.version" value="52.0"/>
  </properties>
  <testcase name="validationMessageDecimalNumberTest" classname="com.ddtest.Paint.PaintCalculationTest" time="0.117"/>
  <testcase name="validationMessageDecimalNumberTest" classname="com.ddtest.Paint.PaintCalculationTest" time="0.124"/>
  <testcase name="validationMessageNegativeNumberTest" classname="com.ddtest.Paint.PaintCalculationTest" time="0.072"/>
  <testcase name="validationMessageNegativeNumberTest" classname="com.ddtest.Paint.PaintCalculationTest" time="0.067"/>
  <testcase name="validationMessageZeroTest" classname="com.ddtest.Paint.PaintCalculationTest" time="0.078"/>
  <testcase name="validationMessageZeroTest" classname="com.ddtest.Paint.PaintCalculationTest" time="0.059"/>
  <testcase name="validationMessagesTest" classname="com.ddtest.Paint.PaintCalculationTest" time="0.125"/>
  <testcase name="validationMessagesTest" classname="com.ddtest.Paint.PaintCalculationTest" time="0.125"/>
  <testcase name="homeToDimensionsNavigationTest" classname="com.ddtest.Paint.PaintCalculationTest" time="0.16"/>
  <testcase name="homeToDimensionsNavigationTest" classname="com.ddtest.Paint.PaintCalculationTest" time="0.183"/>
  <testcase name="verifyDimensionsCountTest" classname="com.ddtest.Paint.PaintCalculationTest" time="0.034"/>
  <testcase name="verifyDimensionsCountTest" classname="com.ddtest.Paint.PaintCalculationTest" time="0.066"/>
  <testcase name="dimensionsValidationMessagesTest" classname="com.ddtest.Paint.PaintCalculationTest" time="0.112"/>
  <testcase name="dimensionsValidationMessagesTest" classname="com.ddtest.Paint.PaintCalculationTest" time="0.131"/>
  <testcase name="negativeDimensionsValidationMessagesTest" classname="com.ddtest.Paint.PaintCalculationTest" time="0.13"/>
  <testcase name="negativeDimensionsValidationMessagesTest" classname="com.ddtest.Paint.PaintCalculationTest" time="0.12"/>
  <testcase name="decimalDimensionsValidationMessagesTest" classname="com.ddtest.Paint.PaintCalculationTest" time="0.127"/>
  <testcase name="decimalDimensionsValidationMessagesTest" classname="com.ddtest.Paint.PaintCalculationTest" time="0.107"/>
  <testcase name="zeroDimensionsValidationMessagesTest" classname="com.ddtest.Paint.PaintCalculationTest" time="0.092"/>
  <testcase name="zeroDimensionsValidationMessagesTest" classname="com.ddtest.Paint.PaintCalculationTest" time="0.079"/>
  <testcase name="inputDimensionsTest" classname="com.ddtest.Paint.PaintCalculationTest" time="1.609"/>
  <testcase name="inputDimensionsTest" classname="com.ddtest.Paint.PaintCalculationTest" time="0.764"/>
  <testcase name="verifyFeetCalculated" classname="com.ddtest.Paint.PaintCalculationTest" time="0.087"/>
  <testcase name="verifyFeetCalculated" classname="com.ddtest.Paint.PaintCalculationTest" time="0.054"/>
  <testcase name="verifyGallonsCalculated" classname="com.ddtest.Paint.PaintCalculationTest" time="0.088"/>
  <testcase name="verifyGallonsCalculated" classname="com.ddtest.Paint.PaintCalculationTest" time="0.051"/>
  <testcase name="verifyResultsRoomcountTest" classname="com.ddtest.Paint.PaintCalculationTest" time="0.187"/>
  <testcase name="verifyResultsRoomcountTest" classname="com.ddtest.Paint.PaintCalculationTest" time="0.13"/>
  <testcase name="verifyTotalGallonsCalculated" classname="com.ddtest.Paint.PaintCalculationTest" time="0.049"/>
  <testcase name="verifyTotalGallonsCalculated" classname="com.ddtest.Paint.PaintCalculationTest" time="0.041"/>
  <testcase name="backToHomeNavigationTest" classname="com.ddtest.Paint.PaintCalculationTest" time="0.153"/>
  <testcase name="backToHomeNavigationTest" classname="com.ddtest.Paint.PaintCalculationTest" time="0.128"/>
</testsuite>